<?xml version="1.0" encoding="UTF-8"?>
<!-- Generated by org.testng.reporters.JUnitReportReporter -->
<testsuite hostname="LAPTOP-AA8TAC45" failures="0" tests="4" name="com.fw.testcases.UserTests2" time="8.431" errors="0" timestamp="2024-07-24T23:26:57 IST" skipped="0">
  <testcase classname="com.fw.testcases.UserTests2" name="testCreateUser" time="2.942"/>
  <testcase classname="com.fw.testcases.UserTests2" name="testGetUser" time="1.382"/>
  <testcase classname="com.fw.testcases.UserTests2" name="updateUser" time="2.741"/>
  <testcase classname="com.fw.testcases.UserTests2" name="deleteUser" time="1.366"/>
</testsuite> <!-- com.fw.testcases.UserTests2 -->
