<?xml version="1.0" encoding="UTF-8"?>
<!-- Generated by org.testng.reporters.JUnitReportReporter -->
<testsuite hostname="LAPTOP-AA8TAC45" failures="0" tests="4" name="com.fw.testcases.UserTests" time="8.343" errors="0" timestamp="2024-07-24T23:08:29 IST" skipped="0">
  <testcase classname="com.fw.testcases.UserTests" name="testCreateUser" time="2.926"/>
  <testcase classname="com.fw.testcases.UserTests" name="testGetUser" time="1.374"/>
  <testcase classname="com.fw.testcases.UserTests" name="updateUser" time="2.697"/>
  <testcase classname="com.fw.testcases.UserTests" name="deleteUser" time="1.346"/>
</testsuite> <!-- com.fw.testcases.UserTests -->
