<?xml version="1.0" encoding="UTF-8"?>
<!-- Generated by org.testng.reporters.JUnitReportReporter -->
<testsuite hostname="LAPTOP-AA8TAC45" failures="0" tests="9" name="com.fw.testcases.UserTestsDD" time="12.379" errors="0" timestamp="2024-07-24T22:35:40 IST" skipped="0">
  <testcase classname="com.fw.testcases.UserTestsDD" name="testCreateUser" time="1.364"/>
  <testcase classname="com.fw.testcases.UserTestsDD" name="testCreateUser" time="1.362"/>
  <testcase classname="com.fw.testcases.UserTestsDD" name="testCreateUser" time="1.531"/>
  <testcase classname="com.fw.testcases.UserTestsDD" name="testGetUser" time="1.355"/>
  <testcase classname="com.fw.testcases.UserTestsDD" name="testGetUser" time="1.341"/>
  <testcase classname="com.fw.testcases.UserTestsDD" name="testGetUser" time="1.354"/>
  <testcase classname="com.fw.testcases.UserTestsDD" name="testdeleteUser" time="1.368"/>
  <testcase classname="com.fw.testcases.UserTestsDD" name="testdeleteUser" time="1.345"/>
  <testcase classname="com.fw.testcases.UserTestsDD" name="testdeleteUser" time="1.359"/>
</testsuite> <!-- com.fw.testcases.UserTestsDD -->
