<?xml version="1.0" encoding="UTF-8"?>
<!-- Generated by org.testng.reporters.JUnitReportReporter -->
<testsuite hostname="LAPTOP-AA8TAC45" failures="0" tests="4" name="com.fw.testcases.UserTests" time="8.544" errors="0" timestamp="2024-07-24T23:50:42 IST" skipped="0">
  <testcase classname="com.fw.testcases.UserTests" name="testCreateUser" time="3.048"/>
  <testcase classname="com.fw.testcases.UserTests" name="testGetUser" time="1.435"/>
  <testcase classname="com.fw.testcases.UserTests" name="updateUser" time="2.711"/>
  <testcase classname="com.fw.testcases.UserTests" name="deleteUser" time="1.350"/>
</testsuite> <!-- com.fw.testcases.UserTests -->
